34
Chave existente
123
756
12
899
Nao encontrado
Nao encontrado
Encontrado
1222
Nao encontrado
Nao encontrado
Encontrado
Encontrado
Encontrado
Nao encontrado
2
12
Nao encontrado
1244
Nao encontrado
Nao encontrado
Encontrado
InOrdem: 0 1 4 21 98 222 232 322 345 432 443 542 543 724 1221 1235 2093 2121 3411 3567 4457 8735 
PreOrdem: 443 98 1 0 21 4 345 232 222 322 432 1235 724 543 542 1221 3411 2093 2121 4457 3567 8735 
PosOrdem: 0 4 21 1 222 322 232 432 345 98 542 543 1221 724 2121 2093 3567 8735 4457 3411 1235 443 
Largura: 443 98 1235 1 345 724 3411 0 21 232 432 543 1221 2093 4457 4 222 322 542 2121 3567 8735 
Encontrado
Encontrado
Encontrado
Encontrado
Encontrado
Encontrado
InOrdem: 0 1 4 21 45 98 222 232 322 345 432 443 542 543 724 1221 1235 2093 2121 3411 3567 4457 8735 
Largura: 443 98 1235 1 345 724 3411 0 21 232 432 543 1221 2093 4457 4 45 222 322 542 2121 3567 8735 
Chave existente
Encontrado
Encontrado
Chave existente
Chave existente
Encontrado
Chave existente
3411
Chave existente
InOrdem: 0 1 4 21 44 45 54 98 222 232 322 345 432 443 456 542 543 655 724 982 1221 1235 2093 2121 2323 2455 3567 4457 5322 8735 
PreOrdem: 443 98 21 1 0 4 45 44 54 345 232 222 322 432 1235 543 542 456 724 655 1221 982 3567 2121 2093 2323 2455 5322 4457 8735 
InOrdem: 0 1 4 21 44 45 54 98 222 232 322 345 432 443 444 456 542 543 655 724 889 982 1221 1235 2093 2121 2323 2455 3567 4457 5322 8735 
PreOrdem: 443 98 21 1 0 4 45 44 54 345 232 222 322 432 1235 543 456 444 542 724 655 982 889 1221 3567 2121 2093 2323 2455 5322 4457 8735 
PosOrdem: 0 4 1 44 54 45 21 222 322 232 432 345 98 444 542 456 655 889 1221 982 724 543 2093 2455 2323 2121 4457 8735 5322 3567 1235 443 
Largura: 443 98 1235 21 345 543 3567 1 45 232 432 456 724 2121 5322 0 4 44 54 222 322 444 542 655 982 2093 2323 4457 8735 889 1221 2455 
