500
Nao encontrado
176
Nao encontrado
Encontrado
PosOrdem: 346 808 549 
PreOrdem: 549 346 89 808 777 
Nao encontrado
Encontrado
InOrdem: 89 346 500 549 777 808 
Largura: 549 346 808 89 500 777 
Chave existente
InOrdem: 88 89 90 176 333 346 500 549 777 808 
PreOrdem: 549 176 89 88 90 346 333 500 808 777 
PosOrdem: 88 90 89 333 500 346 176 777 808 549 
Largura: 549 176 808 89 346 777 88 90 333 500 
Encontrado
Nao encontrado
Nao encontrado
InOrdem: 22 33 88 89 90 133 176 333 346 456 500 549 732 764 773 777 808 
PreOrdem: 176 89 33 22 88 90 133 549 346 333 500 456 777 764 732 773 808 
PosOrdem: 22 88 33 133 90 89 333 456 500 346 732 773 764 808 777 549 176 
Largura: 176 89 549 33 90 346 777 22 88 133 333 500 764 808 456 732 773 
Nao encontrado
Encontrado
Chave existente
InOrdem: 1 22 33 88 89 90 133 176 333 346 456 500 549 732 764 773 777 800 808 1009 
PreOrdem: 176 89 33 22 1 88 90 133 549 346 333 500 456 777 764 732 773 808 800 1009 
PosOrdem: 1 22 88 33 133 90 89 333 456 500 346 732 773 764 800 1009 808 777 549 176 
Largura: 176 89 549 33 90 346 777 22 88 133 333 500 764 808 1 456 732 773 800 1009 
542
Encontrado
542
Encontrado
542
Nao encontrado
Largura: 176 89 549 33 90 456 777 22 88 133 346 500 764 808 1 333 455 732 773 800 1009 
