FEDERAL 1 NAJLA STEFANI SIQUEIRA CORREA
CAASO 2 CAMILA ROSA DE SOUZA
CAASO 3 MARIA EDUARDA ZANIRATO GAROFALO
CAASO 4 LUCAS ANDREY PIM
FEDERAL 5 ADALMIRENE DA COSTA OLIVEIRA
CAASO 6 MARCIO VINICIUS SILVA DOS SANTOS
CAASO 7 ANA BEATRIZ OLIVEIRA SILVA
FEDERAL 8 JULIA ISABELA DE OLIVEIRA LEMES
CAASO 9 ELIANE FERREIRA
FEDERAL 10 MILCA ADALVES
FEDERAL 11 FELIPE JOSE LIMA
CAASO 12 MARIANA CASSIA PEREIRA APPOLINARIO
FEDERAL 13 DANIELE HELENA RAMOS REIS RODRIGUES
FEDERAL 14 ARTHUR DANILO DE FREITAS
CAASO 15 AIDA DIAS SOUSA
FEDERAL 16 HINGRID MARTINS DE LIMA
FEDERAL 17 VITORIA BOER DE SOUZA
FEDERAL 18 MATEUS FELIPE BRIZOLA
CAASO 19 YASMIM DE LIMA PULIA
FEDERAL 20 CARLOS WENDELL SALES FERREIRA
FEDERAL 21 GABRIELY VITORIA SILVA
CAASO 22 FELLIPE MATHEUS DIAS DA COSTA
FEDERAL 23 THAIS MIRANDA LIMA DA SILVA
FEDERAL 24 JULIANA NATALIA FERREIRA DA SILVA
CAASO 25 INDIANARA DE OLIVEIRA SANTOS
CAASO 26 NATALIA LAZARINI BARBOSA
CAASO 27 JOAO VICTOR SILVA RODRIGUES
CAASO 28 GIOVANA BATAGIN MONDIM
FEDERAL 29 LARISSA SANTOS SOUZA
FEDERAL 30 LAURA BOTTO RODRIGUES TEIXEIRA
FEDERAL 31 EDNALVA FERNANDES RAMOS
CAASO 32 YAGO HENRIQUE DE OLIVEIRA BURCOES ALVES
FEDERAL 33 DANIELLE CAROLINE DA SILVA
FEDERAL 34 GABRIELA DE CARLOS BERMUDEZ
FEDERAL 35 KAROLAYNE PIMENTA DE OLIVEIRA
FEDERAL 36 GIOVANNA LUCENTE MOREIRA
FEDERAL 37 BRUNA DA SILVA ALVES
CAASO 38 JOAO PEDRO BEZERRA GONCALVES
FEDERAL 39 LUIZ FERNANDO FAGUNDES DO PRADO
CAASO 40 GIOVANA FREIRE ARTAL
FEDERAL 41 ANISIA HELENA VIEIRA
FEDERAL 42 RENATA GUIMARAES
CAASO 43 GUILHERME RODRIGUES ZANCANELA
FEDERAL 44 RAFAELA DAMASIO FURQUIM
FEDERAL 45 ANISIA HELENA VIEIRA
FEDERAL 46 RAFAELA PAULA DA SILVA
CAASO 47 HILLARY GUIMARAES MOREIRA
FEDERAL 48 SAMUEL DANIEL DE FREITAS
CAASO 49 FRANCINE GOMES ALVES
CAASO 50 YAGO DOS ANJOS MARIANO
CAASO 51 FABIO EMANUEL ZORZAN DA SILVA
FEDERAL 52 BRUNA RENATA CANDIDO DAGUANO
FEDERAL 53 THAYLA CRISTINA MATOS AZEVEDO
FEDERAL 54 AMANDA DE CASSIA GOMES GUIMARAES
FEDERAL 55 SAMIRA GONCALVES FRANCISCO
FEDERAL 56 GABRIELA VITORIA EDUARDO
CAASO 57 VICTORIA THOMAZELLI ALVES
FEDERAL 58 ROSELI DA COSTA PEREIRA
CAASO 59 BRUNO DE SOUZA PLACCITI
CAASO 60 MARCELO AUGUSTO DOS REIS
CAASO 61 LARYSSA IZO DA SILVA
FEDERAL 62 LEONARDO HENRIQUE DE PAULA ANORAL
CAASO 63 REBECA DAIANE BATISTA SANTOS
FEDERAL 64 GERSON ANTONIO MACHADO DOS SANTOS JUNIOR
CAASO 65 JOAQUIM BELO FERREIRA FILHO
FEDERAL 66 ANA CICICILIA KARUT
FEDERAL 67 RAFAELA DO CARMO SULINO
CAASO 68 MARCUS VINICIUS DEGASPERI ALVES
CAASO 69 AMANDA SOUZA NOGUEIRA
CAASO 70 GUILHERME FRANCIA DE OLIVEIRA
FEDERAL 71 GIOVANNA LUCENTE MOREIRA
CAASO 72 ISABELA PENQUES DA SILVA
FEDERAL 73 MURILLO BARSAN DE OLIVEIRA
FEDERAL 74 DOMINIQUE DE SOUZA FERREIRA
FEDERAL 75 WELLINGTON FERREIRA CONSOLINI
FEDERAL 76 STEPHANY CRISTINA BOVICINI DA SILVA
FEDERAL 77 RANIERY LOPES DOS SANTOS
CAASO 78 PAULO VITOR RODRIGUES COSTA DE AGUILAR
FEDERAL 79 PALOMA CRISTINA DOS SANTOS DAVID
FEDERAL 80 CINTIA VITORIA DE SOUZA NASCIMENTO
FEDERAL 81 VINICIO VILACAS DA SILVA
CAASO 82 JOAO VITOR SEVERINO OLIVEIRA
CAASO 83 LEANDRO CAMILLO MEDEIROS
CAASO 84 EDIONE ALVES LIMA DA SILVA
CAASO 85 JUCIMARA DE JESUS SOUZA
FEDERAL 86 VINICIUS DA SILVA ARANTES
CAASO 87 RAIANE AGASSI BARRA
FEDERAL 88 ANDRESSA MYKAELLY DA CONCEICAO CUNHA
CAASO 89 RAQUEL ALVES DE SOUZA
CAASO 90 LUIZ FILIPE BOUGLEUX DE SOUZA
CAASO 91 VINICIUS MAGALHAES MIRANDA
FEDERAL 92 LYANDRA LIMA ARAUJO
FEDERAL 93 CLARA STACY VIEIRA DA SILVA
FEDERAL 94 YURI MATHEUS BARBOSA DE CARVALHO
FEDERAL 95 JULIA THALITA RODRIGUES
CAASO 96 JOSE EDUARDO RIBEIRO CRIPIM
FEDERAL 97 ISABELLA FURTADO
FEDERAL 98 WELLINGTON FERREIRA CONSOLINI
FEDERAL 99 NAYRA ALMEIDA SODRE EVANGELISTA
FEDERAL 100 VITORIA PEREIRA BRITO
FEDERAL 101 MARIA RITA VIANA DE MACEDO
CAASO 102 ALANA ISIS OLIVEIRA DA COSTA
CAASO 103 SAFIRA DIAS SOUSA
CAASO 104 TASSIANA DE AZEVEDO GARCIA
CAASO 105 THAIS DANIELI DE SOUZA
FEDERAL 106 ANA CICICILIA KARUT
FEDERAL 107 TAMIRES RAMALHO MARQUES
CAASO 108 BERNARDO BASTOS COSTA
CAASO 109 ALINE OLIVEIRA MARIANO
FEDERAL 110 JOAO VICTOR DA SILVA POLILLO
FEDERAL 111 MARIA GRACINEIDE BESERRA DE MENEZES
FEDERAL 112 LAIRIS GOMES DA SILVA
CAASO 113 ROBERTA DE JESUS GUEDES
CAASO 114 JORDANA CRISTINA ALVES
FEDERAL 115 LUIZ FELIPE PEREIRA BARBOSA
CAASO 116 JOAO ALFREDO KISS
CAASO 117 JOAO VITOR OLIVEIRA MEIRA
FEDERAL 118 KESIA FERREIRA BATISTA
CAASO 119 MARIA CAROLINA DA SILVA MARIANO
FEDERAL 120 MYLENA DIANARA ALQUINO DAMASCENO
CAASO 121 GLORIANE CORDEIRO DE SOUZA
CAASO 122 ROMULO FELIPE REIS DA SILVA
CAASO 123 MURILO EDUARDO SANTOS DE OLIVEIRA
CAASO 124 LAILA LUIZA ALVES DOS SANTOS
FEDERAL 125 CAMILA PEREIRA BERTOLDI
FEDERAL 126 LAISA STEFANI SLVA
FEDERAL 127 BRENDA EDUARDA DE MELLO CARVALHO
CAASO 128 NATALLY JENIFER DA SILVA FRANCISCO
CAASO 129 JULIANO RODRIGUES
FEDERAL 130 DENISE DE SOUZA TEIXEIRA
CAASO 131 GIOVANNI PONTES TANAKA
CAASO 132 JULIA FERNANDES GOMES
FEDERAL 133 LETICIA MARIA DA SILVA
FEDERAL 134 TAMIRIS CRISTINA FERREIRA SOUTO
FEDERAL 135 IZABELA DE ASSIS FERNANDES HILARIO
FEDERAL 136 GIULIA IVA RAMOS SILVA
FEDERAL 137 ISABELA VIEIRA DE MELO
FEDERAL 138 KAREN PIRES LEITE DOS SANTOS
CAASO 139 EWANDER OLIVEIRA DA CONCEICAO
CAASO 140 LEANDRO GARCIA
FEDERAL 141 JULIA ROCHA NOVAIS
FEDERAL 142 EDIVANIA LACERDA SILVA
CAASO 143 NATHIELY VIANA DA SILVA
FEDERAL 144 NATHALIA BIANCA DOS SANTOS BARBOSA
CAASO 145 PAMELLA KAREN DE FREITAS SILLOS
FEDERAL 146 NAJLA STEFANI SIQUEIRA CORREA
FEDERAL 147 GABRIEL PALMEIRA
FEDERAL 148 MARLON DE LUCAS COSTA FRANCA
CAASO 149 ALANDRA BRITO GASTALDI BELLINAZZI
FEDERAL 150 GUILHERME BRAGHIN MAGLIA
CAASO 151 BEATRIZ OLIVEIRA COSTA
CAASO 152 GABRIEL DEMARQUE RAMOS
CAASO 153 ROSELAINE DOS SANTOS SOUZA LOPES
CAASO 154 ISABELA ROCHA DA SILVA ZUCCO
CAASO 155 LAIANE BESSA DE SOUZA
CAASO 156 JESSICA GABRIELLE ROCHA DE OLIVEIRA
FEDERAL 157 THAYNA DA SILVA SANTOS
CAASO 158 ROBSON SANTOS DE ALMEIDA
CAASO 159 IVIE AKEMI MARQUES GOMIDE SOMINAMI
CAASO 160 ISABELLA CRISTINA RAMOS
FEDERAL 161 YURI MATHEUS BARBOSA DE CARVALHO
CAASO 162 INGRID RAYANE SILVA
CAASO 163 BRUNO CESAR DOS SANTOS
CAASO 164 DANNY OLIVEIRA LEITE
FEDERAL 165 WESLEY DE FREITAS BERTONCINI
CAASO 166 MARINA VITORIA MORENO
FEDERAL 167 GRAZIELLE RODRIGUES DE SOUSA OLIVEIRA
CAASO 168 JESSICA CAROLINA SILVA TEOFILO
CAASO 169 MARIANA LUCAS RIBEIRO
CAASO 170 ISABELA CAROLINE DE SOUZA LIMA
CAASO 171 JOAO VICTOR FERNANDES GOMIDE
FEDERAL 172 GIOVANNA ESTER QUALGIO BERTOLDO
FEDERAL 173 ALEXANDRE BERALDO BIGHETTI
FEDERAL 174 RAYSSA GABRYLLE CALIXTO DE ALMEIDA
CAASO 175 PEDRO HENRIQUE RANDI ROCHA
FEDERAL 176 CAROLINE REBORDOES DE ANDRADE
FEDERAL 177 KETHEELYN SCHAYANY VENTURA
FEDERAL 178 LEANDRA DE FATIMA LONGO DE SOUZA
FEDERAL 179 WALLACE GARCIA TORRES
FEDERAL 180 LINCOLN MATHEUS CARDOSO DE LIMA
CAASO 181 MARCELO FAGUNDES DO PRADO PARRA
CAASO 182 MARIA JULIA CANTARELLI
CAASO 183 JOSIANE DOS SANTOS PEREIRA
FEDERAL 184 VERONICA CRISTINA DA SILVA AMARAL
FEDERAL 185 MILENA LESLIE COSTA VIGATTO
FEDERAL 186 LARISSA CRISTINA FURLANI GALVINO
FEDERAL 187 ERLON MATHEUS DE MELLO CARVALHO
CAASO 188 GIOVANA PEREIRA PERES
FEDERAL 189 BRUNO RODRIGUES ARAUJO SILVA
CAASO 190 VINICIUS BILCHE DA SILVA
FEDERAL 191 CAROLINE RAMALHO MARQUES
FEDERAL 192 LILIAN APARECIDA SANTOS SAVI
CAASO 193 JEFFERSON HERIQUE USTULIN DE LIMA
CAASO 194 LUANA GUSMAO DOS SANTOS FISCHER
FEDERAL 195 JULIA THALITA RODRIGUES
CAASO 196 LARISSA CRISTINA DE SOUZA MATOS
FEDERAL 197 DEBORA MARCOLINO RIBEIRO
CAASO 198 KATHLEN MOURAO DA ROCHA
CAASO 199 VICTOR BRENO ANASTACIO DE MATOS
CAASO 200 LARISSA CRISTINA DO CARMO