FEDERAL 5 ADALMIRENE DA COSTA OLIVEIRA
FEDERAL 73 ALEXANDRE BERALDO BIGHETTI
FEDERAL 54 AMANDA DE CASSIA GOMES GUIMARAES
FEDERAL 66 ANA CICICILIA KARUT
FEDERAL 106 ANA CICICILIA KARUT
FEDERAL 88 ANDRESSA MYKAELLY DA CONCEICAO CUNHA
FEDERAL 41 ANISIA HELENA VIEIRA
FEDERAL 45 ANISIA HELENA VIEIRA
FEDERAL 14 ARTHUR DANILO DE FREITAS
FEDERAL 127 BRENDA EDUARDA DE MELLO CARVALHO
FEDERAL 37 BRUNA DA SILVA ALVES
FEDERAL 52 BRUNA RENATA CANDIDO DAGUANO
FEDERAL 189 BRUNO RODRIGUES ARAUJO SILVA
FEDERAL 125 CAMILA PEREIRA BERTOLDI
FEDERAL 20 CARLOS WENDELL SALES FERREIRA
FEDERAL 191 CAROLINE RAMALHO MARQUES
FEDERAL 176 CAROLINE REBORDOES DE ANDRADE
FEDERAL 80 CINTIA VITORIA DE SOUZA NASCIMENTO
FEDERAL 93 CLARA STACY VIEIRA DA SILVA
FEDERAL 13 DANIELE HELENA RAMOS REIS RODRIGUES
FEDERAL 33 DANIELLE CAROLINE DA SILVA
FEDERAL 197 DEBORA MARCOLINO RIBEIRO
FEDERAL 130 DENISE DE SOUZA TEIXEIRA
FEDERAL 74 DOMINIQUE DE SOUZA FERREIRA
FEDERAL 142 EDIVANIA LACERDA SILVA
FEDERAL 31 EDNALVA FERNANDES RAMOS
FEDERAL 187 ERLON MATHEUS DE MELLO CARVALHO
FEDERAL 147 GABRIEL PALMEIRA
FEDERAL 34 GABRIELA DE CARLOS BERMUDEZ
FEDERAL 56 GABRIELA VITORIA EDUARDO
FEDERAL 21 GABRIELY VITORIA SILVA
FEDERAL 64 GERSON ANTONIO MACHADO DOS SANTOS JUNIOR
FEDERAL 11 FELIPE JOSE LIMA
FEDERAL 172 GIOVANNA ESTER QUALGIO BERTOLDO
FEDERAL 36 GIOVANNA LUCENTE MOREIRA
FEDERAL 71 GIOVANNA LUCENTE MOREIRA
FEDERAL 136 GIULIA IVA RAMOS SILVA
FEDERAL 167 GRAZIELLE RODRIGUES DE SOUSA OLIVEIRA
FEDERAL 150 GUILHERME BRAGHIN MAGLIA
FEDERAL 16 HINGRID MARTINS DE LIMA
FEDERAL 137 ISABELA VIEIRA DE MELO
FEDERAL 97 ISABELLA FURTADO
FEDERAL 135 IZABELA DE ASSIS FERNANDES HILARIO
FEDERAL 110 JOAO VICTOR DA SILVA POLILLO
FEDERAL 8 JULIA ISABELA DE OLIVEIRA LEMES
FEDERAL 141 JULIA ROCHA NOVAIS
FEDERAL 95 JULIA THALITA RODRIGUES
FEDERAL 195 JULIA THALITA RODRIGUES
FEDERAL 24 JULIANA NATALIA FERREIRA DA SILVA
FEDERAL 138 KAREN PIRES LEITE DOS SANTOS
FEDERAL 35 KAROLAYNE PIMENTA DE OLIVEIRA
FEDERAL 118 KESIA FERREIRA BATISTA
FEDERAL 177 KETHEELYN SCHAYANY VENTURA
FEDERAL 112 LAIRIS GOMES DA SILVA
FEDERAL 126 LAISA STEFANI SLVA
FEDERAL 186 LARISSA CRISTINA FURLANI GALVINO
FEDERAL 29 LARISSA SANTOS SOUZA
FEDERAL 30 LAURA BOTTO RODRIGUES TEIXEIRA
FEDERAL 178 LEANDRA DE FATIMA LONGO DE SOUZA
FEDERAL 62 LEONARDO HENRIQUE DE PAULA ANORAL
FEDERAL 133 LETICIA MARIA DA SILVA
FEDERAL 192 LILIAN APARECIDA SANTOS SAVI
FEDERAL 180 LINCOLN MATHEUS CARDOSO DE LIMA
FEDERAL 115 LUIZ FELIPE PEREIRA BARBOSA
FEDERAL 39 LUIZ FERNANDO FAGUNDES DO PRADO
FEDERAL 92 LYANDRA LIMA ARAUJO
FEDERAL 111 MARIA GRACINEIDE BESERRA DE MENEZES
FEDERAL 101 MARIA RITA VIANA DE MACEDO
FEDERAL 148 MARLON DE LUCAS COSTA FRANCA
FEDERAL 18 MATEUS FELIPE BRIZOLA
FEDERAL 10 MILCA ADALVES
FEDERAL 185 MILENA LESLIE COSTA VIGATTO
FEDERAL 73 MURILLO BARSAN DE OLIVEIRA
FEDERAL 120 MYLENA DIANARA ALQUINO DAMASCENO
FEDERAL 1 NAJLA STEFANI SIQUEIRA CORREA
FEDERAL 146 NAJLA STEFANI SIQUEIRA CORREA
FEDERAL 144 NATHALIA BIANCA DOS SANTOS BARBOSA
FEDERAL 99 NAYRA ALMEIDA SODRE EVANGELISTA
FEDERAL 79 PALOMA CRISTINA DOS SANTOS DAVID
FEDERAL 44 RAFAELA DAMASIO FURQUIM
FEDERAL 67 RAFAELA DO CARMO SULINO
FEDERAL 46 RAFAELA PAULA DA SILVA
FEDERAL 77 RANIERY LOPES DOS SANTOS
FEDERAL 174 RAYSSA GABRYLLE CALIXTO DE ALMEIDA
FEDERAL 42 RENATA GUIMARAES
FEDERAL 158 ROBSON SANTOS DE ALMEIDA
FEDERAL 58 ROSELI DA COSTA PEREIRA
FEDERAL 55 SAMIRA GONCALVES FRANCISCO
FEDERAL 48 SAMUEL DANIEL DE FREITAS
FEDERAL 76 STEPHANY CRISTINA BOVICINI DA SILVA
FEDERAL 107 TAMIRES RAMALHO MARQUES
FEDERAL 134 TAMIRIS CRISTINA FERREIRA SOUTO
FEDERAL 23 THAIS MIRANDA LIMA DA SILVA
FEDERAL 53 THAYLA CRISTINA MATOS AZEVEDO
FEDERAL 157 THAYNA DA SILVA SANTOS
FEDERAL 184 VERONICA CRISTINA DA SILVA AMARAL
FEDERAL 81 VINICIO VILACAS DA SILVA
FEDERAL 86 VINICIUS DA SILVA ARANTES
FEDERAL 17 VITORIA BOER DE SOUZA
FEDERAL 100 VITORIA PEREIRA BRITO
FEDERAL 179 WALLACE GARCIA TORRES
FEDERAL 75 WELLINGTON FERREIRA CONSOLINI
FEDERAL 98 WELLINGTON FERREIRA CONSOLINI
FEDERAL 165 WESLEY DE FREITAS BERTONCINI
FEDERAL 94 YURI MATHEUS BARBOSA DE CARVALHO
FEDERAL 161 YURI MATHEUS BARBOSA DE CARVALHO
CAASO 160 ISABELLA CRISTINA RAMOS
CAASO 15 AIDA DIAS SOUSA
CAASO 102 ALANA ISIS OLIVEIRA DA COSTA
CAASO 149 ALANDRA BRITO GASTALDI BELLINAZZI
CAASO 109 ALINE OLIVEIRA MARIANO
CAASO 69 AMANDA SOUZA NOGUEIRA
CAASO 7 ANA BEATRIZ OLIVEIRA SILVA
CAASO 151 BEATRIZ OLIVEIRA COSTA
CAASO 108 BERNARDO BASTOS COSTA
CAASO 163 BRUNO CESAR DOS SANTOS
CAASO 59 BRUNO DE SOUZA PLACCITI
CAASO 2 CAMILA ROSA DE SOUZA
CAASO 164 DANNY OLIVEIRA LEITE
CAASO 84 EDIONE ALVES LIMA DA SILVA
CAASO 9 ELIANE FERREIRA
CAASO 139 EWANDER OLIVEIRA DA CONCEICAO
CAASO 51 FABIO EMANUEL ZORZAN DA SILVA
CAASO 22 FELLIPE MATHEUS DIAS DA COSTA
CAASO 49 FRANCINE GOMES ALVES
CAASO 152 GABRIEL DEMARQUE RAMOS
CAASO 28 GIOVANA BATAGIN MONDIM
CAASO 40 GIOVANA FREIRE ARTAL
CAASO 188 GIOVANA PEREIRA PERES
CAASO 131 GIOVANNI PONTES TANAKA
CAASO 121 GLORIANE CORDEIRO DE SOUZA
CAASO 70 GUILHERME FRANCIA DE OLIVEIRA
CAASO 43 GUILHERME RODRIGUES ZANCANELA
CAASO 47 HILLARY GUIMARAES MOREIRA
CAASO 25 INDIANARA DE OLIVEIRA SANTOS
CAASO 162 INGRID RAYANE SILVA
CAASO 170 ISABELA CAROLINE DE SOUZA LIMA
CAASO 72 ISABELA PENQUES DA SILVA
CAASO 154 ISABELA ROCHA DA SILVA ZUCCO
CAASO 159 IVIE AKEMI MARQUES GOMIDE SOMINAMI
CAASO 193 JEFFERSON HERIQUE USTULIN DE LIMA
CAASO 168 JESSICA CAROLINA SILVA TEOFILO
CAASO 156 JESSICA GABRIELLE ROCHA DE OLIVEIRA
CAASO 116 JOAO ALFREDO KISS
CAASO 38 JOAO PEDRO BEZERRA GONCALVES
CAASO 171 JOAO VICTOR FERNANDES GOMIDE
CAASO 27 JOAO VICTOR SILVA RODRIGUES
CAASO 117 JOAO VITOR OLIVEIRA MEIRA
CAASO 82 JOAO VITOR SEVERINO OLIVEIRA
CAASO 65 JOAQUIM BELO FERREIRA FILHO
CAASO 114 JORDANA CRISTINA ALVES
CAASO 96 JOSE EDUARDO RIBEIRO CRIPIM
CAASO 183 JOSIANE DOS SANTOS PEREIRA
CAASO 85 JUCIMARA DE JESUS SOUZA
CAASO 132 JULIA FERNANDES GOMES
CAASO 129 JULIANO RODRIGUES
CAASO 198 KATHLEN MOURAO DA ROCHA
CAASO 155 LAIANE BESSA DE SOUZA
CAASO 124 LAILA LUIZA ALVES DOS SANTOS
CAASO 196 LARISSA CRISTINA DE SOUZA MATOS
CAASO 200 LARISSA CRISTINA DO CARMO
CAASO 61 LARYSSA IZO DA SILVA
CAASO 83 LEANDRO CAMILLO MEDEIROS
CAASO 140 LEANDRO GARCIA
CAASO 194 LUANA GUSMAO DOS SANTOS FISCHER
CAASO 4 LUCAS ANDREY PIM
CAASO 90 LUIZ FILIPE BOUGLEUX DE SOUZA
CAASO 60 MARCELO AUGUSTO DOS REIS
CAASO 181 MARCELO FAGUNDES DO PRADO PARRA
CAASO 6 MARCIO VINICIUS SILVA DOS SANTOS
CAASO 68 MARCUS VINICIUS DEGASPERI ALVES
CAASO 119 MARIA CAROLINA DA SILVA MARIANO
CAASO 3 MARIA EDUARDA ZANIRATO GAROFALO
CAASO 182 MARIA JULIA CANTARELLI
CAASO 12 MARIANA CASSIA PEREIRA APPOLINARIO
CAASO 169 MARIANA LUCAS RIBEIRO
CAASO 166 MARINA VITORIA MORENO
CAASO 123 MURILO EDUARDO SANTOS DE OLIVEIRA
CAASO 26 NATALIA LAZARINI BARBOSA
CAASO 128 NATALLY JENIFER DA SILVA FRANCISCO
CAASO 143 NATHIELY VIANA DA SILVA
CAASO 145 PAMELLA KAREN DE FREITAS SILLOS
CAASO 78 PAULO VITOR RODRIGUES COSTA DE AGUILAR
CAASO 175 PEDRO HENRIQUE RANDI ROCHA
CAASO 87 RAIANE AGASSI BARRA
CAASO 77 RANIERY LOPES DOS SANTOS
CAASO 89 RAQUEL ALVES DE SOUZA
CAASO 174 RAYSSA GABRYLLE CALIXTO DE ALMEIDA
CAASO 63 REBECA DAIANE BATISTA SANTOS
CAASO 42 RENATA GUIMARAES
CAASO 113 ROBERTA DE JESUS GUEDES
CAASO 158 ROBSON SANTOS DE ALMEIDA
CAASO 122 ROMULO FELIPE REIS DA SILVA
CAASO 153 ROSELAINE DOS SANTOS SOUZA LOPES
CAASO 103 SAFIRA DIAS SOUSA
CAASO 104 TASSIANA DE AZEVEDO GARCIA
CAASO 105 THAIS DANIELI DE SOUZA
CAASO 199 VICTOR BRENO ANASTACIO DE MATOS
CAASO 57 VICTORIA THOMAZELLI ALVES
CAASO 190 VINICIUS BILCHE DA SILVA
CAASO 91 VINICIUS MAGALHAES MIRANDA
CAASO 50 YAGO DOS ANJOS MARIANO
CAASO 32 YAGO HENRIQUE DE OLIVEIRA BURCOES ALVES
CAASO 19 YASMIM DE LIMA PULIA