###############################
#         #      :           # 
#        #       :          #  
#       #        :         #   
#      #         :        #    
#     #          :       #     
#    #           :      #      
#                :     #       
#  #:            :    #        
# # :            :   #         
##  :            :  #          
#   :            : #           
#   ::::::::::::::#            
#                #             
#    ___        #              
#   /   \      #               
#  |     |    #                
#   \   /    #                 
#    \ /    #                  
#     \    #                   
#         #                    
#        #                     
#       #                      
#      #                       
#     #                        
#    #                         
#   #                          
####                           
###############################
#         #      :           # 
#        #       :          #  
#       #        :         #   
#      #         :        #    
#     #          :       #     
#    #           :      #      
#                :     #       
#  #:            :    #        
# # :            :   #         
##  :            :  #          
#   :            : #           
#   ::::::::::::::#            
#                #             
#    ___        #              
#   /&&&\      #               
#  |&&&&&|    #                
#   \&&&/    #                 
#    \&/    #                  
#     \    #                   
#         #                    
#        #                     
#       #                      
#      #                       
#     #                        
#    #                         
#   #                          
####                           
###############################
#777777777#777777:           # 
#77777777#7777777:          #  
#7777777#77777777:         #   
#777777#777777777:        #    
#77777#7777777777:       #     
#7777#77777777777:      #      
#7777777777777777:     #       
#77#:777777777777:    #        
#7# :777777777777:   #         
##  :777777777777:  #          
#   :777777777777: #           
#   ::::::::::::::#            
#                #             
#    ___        #              
#   /&&&\      #               
#  |&&&&&|    #                
#   \&&&/    #                 
#    \&/    #                  
#     \    #                   
#         #                    
#        #                     
#       #                      
#      #                       
#     #                        
#    #                         
#   #                          
####                           
