#########################
#         CCCCCCCCCCCCC #
#      CCC............C #
#    CC...............C #
#   C.....CCCCCCCC....C #
#  C.....C       CCCCCC #
# C.....C               #
# C.....C               #
# C.....C               #
# C.....C               #
# C.....C               #
# C.....C               #
#  C.....C       CCCCCC #
#   C.....CCCCCCCC....C #
#    CC...............C #
#      CCC............C #
#         CCCCCCCCCCCCC #
#########################
#########################
#---------CCCCCCCCCCCCC #
#------CCC............C #
#----CC...............C #
#---C.....CCCCCCCC....C #
#--C.....C       CCCCCC #
#-C.....C               #
#-C.....C               #
#-C.....C               #
#-C.....C               #
#-C.....C               #
#-C.....C               #
#--C.....C       CCCCCC #
#---C.....CCCCCCCC....C #
#----CC...............C #
#------CCC............C #
#---------CCCCCCCCCCCCC #
#########################
#########################
#---------CCCCCCCCCCCCC+#
#------CCC............C+#
#----CC...............C+#
#---C.....CCCCCCCC....C+#
#--C.....C+++++++CCCCCC+#
#-C.....C+++++++++++++++#
#-C.....C+++++++++++++++#
#-C.....C+++++++++++++++#
#-C.....C+++++++++++++++#
#-C.....C+++++++++++++++#
#-C.....C+++++++++++++++#
#--C.....C+++++++CCCCCC+#
#---C.....CCCCCCCC....C+#
#----CC...............C+#
#------CCC............C+#
#---------CCCCCCCCCCCCC+#
#########################
_________________________
_---------CCCCCCCCCCCCC+_
_------CCC............C+_
_----CC...............C+_
_---C.....CCCCCCCC....C+_
_--C.....C+++++++CCCCCC+_
_-C.....C+++++++++++++++_
_-C.....C+++++++++++++++_
_-C.....C+++++++++++++++_
_-C.....C+++++++++++++++_
_-C.....C+++++++++++++++_
_-C.....C+++++++++++++++_
_--C.....C+++++++CCCCCC+_
_---C.....CCCCCCCC....C+_
_----CC...............C+_
_------CCC............C+_
_---------CCCCCCCCCCCCC+_
_________________________
