#####################################
#__   __                            #
#\ \ / /                            #
# \ V /  _   _  _ __    __ _        #
# /   \ | | | || '_ \  / _` |       #
#/ /^\ \| |_| || |_) || (_| |       #
#\/---\/-\__,_|| .__/  \__,_|       #
#--------------| |                  #
#--------------|||                  #
#----------------|                  #
#--__----------_||              _   #
#-/ _|-___--__| | ___ _ __ __ _| |  #
#| |_ / _ \/ _` |/ _ \ '__/ _` | |  #
#|  _|  __/ (_| |  __/ | | (_| | |  #
#|_|  \___|\__,_|\___|_|  \__,_|_|  #
#####################################
#####################################
#__   __                            #
#\ \ / /                            #
# \ V /  _   _  _ __    __ _        #
# /   \ | | | || '_ \  / _` |       #
#/ /^\ \| |_| || |_) || (_| |       #
#\/---\/-\__,_|| .__/  \__,_|       #
#--------------| |                  #
#--------------|||                  #
#----------------|                  #
#--__----------_||              _   #
#-/ _|-___--__| | ___ _ __ __ _| |  #
#| |_ / _ \/ _` |/ _ \ '__/ _` | |  #
#|  _|  __/ (_| |  __/ | | (_| | |  #
#|:|  \___|\__,_|\___|_|  \__,_|_|  #
#####################################
#####################################
#__   __                            #
#\ \ / /                            #
# \ V /  _   _  _ __    __ _        #
# /   \ | | | || '_ \  / _` |       #
#/ /^\ \| |_| || |_^ || (_| |       #
#\/---\/-\__,_|| .__/  \__,_|       #
#--------------| |                  #
#--------------|||                  #
#----------------|                  #
#--__----------_||              _   #
#-/ _|-___--__| | ___ _ __ __ _| |  #
#| |_ / _ \/ _` |/ _ \ '__/ _` | |  #
#|  _|  __/ (_| |  __/ | | (_| | |  #
#|:|  \___|\__,_|\___|_|  \__,_|_|  #
#####################################
#####################################
#__   __                            #
#\ \ / /                            #
# \ V /  _   _  _ __    __ _        #
# /   \ | | | ~~ '_ \  / _` |       #
#/ /^\ \| |_| ~~ |_^ || (_| |       #
#\/---\/-\__,_~~ .__/  \__,_|       #
#--------------~ ~                  #
#--------------~~~                  #
#----------------~                  #
#--__----------_~~              _   #
#-/ _|-___--__| ~ ___ _ __ __ _| |  #
#| |_ / _ \/ _` ~/ _ \ '__/ _` | |  #
#|  _|  __/ (_| ~  __/ | | (_| | |  #
#|:|  \___|\__,_~\___|_|  \__,_|_|  #
#####################################
#####################################
#__   __                            #
#\ \ / /                            #
#*\ V /  _   _  _ __    __ _        #
#*/   \ | | | ~~ '_ \  / _` |       #
#/ /^\ \| |_| ~~ |_^ || (_| |       #
#\/---\/-\__,_~~ .__/  \__,_|       #
#--------------~ ~                  #
#--------------~~~                  #
#----------------~                  #
#--__----------_~~              _   #
#-/ _|-___--__| ~ ___ _ __ __ _| |  #
#| |_ / _ \/ _` ~/ _ \ '__/ _` | |  #
#|  _|  __/ (_| ~  __/ | | (_| | |  #
#|:|  \___|\__,_~\___|_|  \__,_|_|  #
#####################################
#####################################
#__   __#############################
#\ \ / /#############################
#*\ V /##_###_##_#__####__#_#########
#*/   \#| |#| ~~ '_ \##/ _` |########
#/ /^\ \| |_| ~~ |_^ || (_| |########
#\/---\/-\__,_~~ .__/##\__,_|########
#--------------~ ~###################
#--------------~~~###################
#----------------~###################
#--__----------_~~##############_####
#-/ _|-___--__| ~ ___#_#__#__#_| |###
#| |_ / _ \/ _` ~/ _ \ '__/ _` | |###
#|  _|  __/ (_| ~  __/ | | (_| | |###
#|:|  \___|\__,_~\___|_|  \__,_|_|###
#####################################
