Encontrado
Encontrado
InOrdem: -20 10 56 
Nao encontrado
Nao encontrado
Nao encontrado
Nao encontrado
-20 
InOrdem: 10 56 
Nao encontrado
PreOrdem: 10 -2 0 56 43 
Nao encontrado
Largura: 10 -2 56 0 43 
Chave existente
Nao encontrado
Encontrado
InOrdem: -100 -2 0 10 43 56 76 
PreOrdem: 10 -2 -100 0 56 43 76 
PosOrdem: -100 0 -2 43 76 56 10 
Largura: 10 -2 56 -100 0 43 76 
Encontrado
Encontrado
Encontrado
Encontrado
Encontrado
Nao encontrado
Encontrado
Chave existente
-2 
InOrdem: -100 0 10 43 45 54 56 76 88 
PreOrdem: 10 0 -100 56 43 54 45 76 88 
PosOrdem: -100 0 45 54 43 88 76 56 10 
Largura: 10 0 56 -100 43 76 54 88 45 
