500 
Nao encontrado
176 
Nao encontrado
Encontrado
PosOrdem: 346 549 808 
PreOrdem: 808 549 346 89 777 
Nao encontrado
Encontrado
InOrdem: 89 346 500 549 777 808 
Largura: 808 549 346 777 89 500 
Chave existente
InOrdem: 88 89 90 176 333 346 500 549 777 808 
PreOrdem: 808 549 346 89 88 176 90 333 500 777 
PosOrdem: 88 90 333 176 89 500 346 777 549 808 
Largura: 808 549 346 777 89 500 88 176 90 333 
Encontrado
Nao encontrado
Nao encontrado
InOrdem: 22 33 88 89 90 133 176 333 346 456 500 549 732 764 773 777 808 
PreOrdem: 808 549 346 89 88 33 22 176 90 133 333 500 456 777 732 773 764 
PosOrdem: 22 33 88 133 90 333 176 89 456 500 346 764 773 732 777 549 808 
Largura: 808 549 346 777 89 500 732 88 176 456 773 33 90 333 764 22 133 
Nao encontrado
Encontrado
Chave existente
InOrdem: 1 22 33 88 89 90 133 176 333 346 456 500 549 732 764 773 777 800 808 1009 
PreOrdem: 808 549 346 89 88 33 22 1 176 90 133 333 500 456 777 732 773 764 800 1009 
PosOrdem: 1 22 33 88 133 90 333 176 89 456 500 346 764 773 732 800 777 549 1009 808 
Largura: 808 549 1009 346 777 89 500 732 800 88 176 456 773 33 90 333 764 22 133 1 
542 
Encontrado
542 
Encontrado
542 
Nao encontrado
Largura: 808 549 1009 346 777 89 500 732 800 88 176 456 773 33 90 333 455 764 22 133 1 
