34 
Chave existente
123 
756 
12 
899 
Nao encontrado
Nao encontrado
Encontrado
1222 
Nao encontrado
Nao encontrado
Encontrado
Encontrado
Encontrado
Nao encontrado
2 
12 
Nao encontrado
1244 
Nao encontrado
Nao encontrado
Encontrado
InOrdem: 0 1 4 21 98 222 232 322 345 432 443 542 543 724 1221 1235 2093 2121 3411 3567 4457 8735 
PreOrdem: 2093 1235 724 443 345 322 98 21 1 0 4 232 222 432 543 542 1221 8735 4457 3411 2121 3567 
PosOrdem: 0 4 1 21 222 232 98 322 432 345 542 543 443 1221 724 1235 2121 3567 3411 4457 8735 2093 
Largura: 2093 1235 8735 724 4457 443 1221 3411 345 543 2121 3567 322 432 542 98 21 232 1 222 0 4 
Encontrado
Encontrado
Encontrado
Encontrado
Encontrado
Encontrado
InOrdem: 0 1 4 21 45 98 222 232 322 345 432 443 542 543 724 1221 1235 2093 2121 3411 3567 4457 8735 
Largura: 2093 1235 8735 724 4457 443 1221 3411 345 543 2121 3567 322 432 542 98 21 232 1 45 222 0 4 
Chave existente
Encontrado
Encontrado
Chave existente
Chave existente
Encontrado
Chave existente
3411 
Chave existente
InOrdem: 0 1 4 21 44 45 54 98 222 232 322 345 432 443 456 542 543 655 724 982 1221 1235 2093 2121 2323 2455 3567 4457 5322 8735 
PreOrdem: 2093 1235 724 443 345 322 98 21 1 0 4 45 44 54 232 222 432 543 542 456 655 1221 982 8735 4457 3567 2121 2323 2455 5322 
InOrdem: 0 1 4 21 44 45 54 98 222 232 322 345 432 443 444 456 542 543 655 724 889 982 1221 1235 2093 2121 2323 2455 3567 4457 5322 8735 
PreOrdem: 2093 1235 724 443 345 322 98 21 1 0 4 45 44 54 232 222 432 543 542 456 444 655 1221 982 889 8735 4457 3567 2121 2323 2455 5322 
PosOrdem: 0 4 1 44 54 45 21 222 232 98 322 432 345 444 456 542 655 543 443 889 982 1221 724 1235 2455 2323 2121 3567 5322 4457 8735 2093 
Largura: 2093 1235 8735 724 4457 443 1221 3567 5322 345 543 982 2121 322 432 542 655 889 2323 98 456 2455 21 232 444 1 45 222 0 4 44 54 
